SF:lib/widgets/textfieldmamoney.dart
DA:9,2
DA:12,2
DA:14,2
DA:15,2
DA:16,2
DA:18,6
DA:20,2
DA:22,6
DA:23,2
DA:29,2
DA:31,2
DA:32,2
DA:33,6
DA:35,2
LF:14
LH:14
end_of_record
SF:lib/pages/authentication/signin.dart
DA:7,2
DA:9,1
DA:11,1
DA:13,1
DA:14,1
DA:15,1
DA:18,1
DA:19,1
DA:21,1
DA:22,1
DA:23,1
DA:24,2
DA:25,1
DA:26,2
DA:27,1
DA:28,2
DA:29,1
DA:30,2
DA:43,1
DA:45,1
DA:46,2
DA:55,2
DA:57,1
DA:59,1
DA:60,1
DA:62,1
DA:63,1
DA:64,1
DA:66,2
DA:68,1
DA:69,1
DA:72,2
DA:75,1
DA:85,2
DA:87,1
DA:89,3
LF:36
LH:36
end_of_record
SF:lib/widgets/buttonmamoney.dart
DA:8,2
DA:13,2
DA:15,2
DA:16,4
DA:19,2
DA:20,2
DA:23,2
DA:25,2
DA:27,2
DA:28,2
DA:29,0
DA:30,4
DA:31,4
DA:32,2
DA:33,2
DA:34,4
DA:35,2
LF:17
LH:16
end_of_record
